<?xml version="1.0" encoding="UTF-8"?>
<testsuite name="com.example.ex3.Ex3ApplicationTests" tests="1" skipped="0" failures="0" errors="0" timestamp="2023-04-05T08:29:33" hostname="DESKTOP-QUVBCNJ" time="0.095">
  <properties/>
  <testcase name="contextLoads()" classname="com.example.ex3.Ex3ApplicationTests" time="0.095"/>
  <system-out><![CDATA[17:29:29.648 [Test worker] DEBUG org.springframework.test.context.BootstrapUtils - Instantiating CacheAwareContextLoaderDelegate from class [org.springframework.test.context.cache.DefaultCacheAwareContextLoaderDelegate]
17:29:29.658 [Test worker] DEBUG org.springframework.test.context.BootstrapUtils - Instantiating BootstrapContext using constructor [public org.springframework.test.context.support.DefaultBootstrapContext(java.lang.Class,org.springframework.test.context.CacheAwareContextLoaderDelegate)]
17:29:29.685 [Test worker] DEBUG org.springframework.test.context.BootstrapUtils - Instantiating TestContextBootstrapper for test class [com.example.ex3.Ex3ApplicationTests] from class [org.springframework.boot.test.context.SpringBootTestContextBootstrapper]
17:29:29.695 [Test worker] INFO org.springframework.boot.test.context.SpringBootTestContextBootstrapper - Neither @ContextConfiguration nor @ContextHierarchy found for test class [com.example.ex3.Ex3ApplicationTests], using SpringBootContextLoader
17:29:29.698 [Test worker] DEBUG org.springframework.test.context.support.AbstractContextLoader - Did not detect default resource location for test class [com.example.ex3.Ex3ApplicationTests]: class path resource [com/example/ex3/Ex3ApplicationTests-context.xml] does not exist
17:29:29.698 [Test worker] DEBUG org.springframework.test.context.support.AbstractContextLoader - Did not detect default resource location for test class [com.example.ex3.Ex3ApplicationTests]: class path resource [com/example/ex3/Ex3ApplicationTestsContext.groovy] does not exist
17:29:29.698 [Test worker] INFO org.springframework.test.context.support.AbstractContextLoader - Could not detect default resource locations for test class [com.example.ex3.Ex3ApplicationTests]: no resource found for suffixes {-context.xml, Context.groovy}.
17:29:29.699 [Test worker] INFO org.springframework.test.context.support.AnnotationConfigContextLoaderUtils - Could not detect default configuration classes for test class [com.example.ex3.Ex3ApplicationTests]: Ex3ApplicationTests does not declare any static, non-private, non-final, nested classes annotated with @Configuration.
17:29:29.734 [Test worker] DEBUG org.springframework.test.context.support.ActiveProfilesUtils - Could not find an 'annotation declaring class' for annotation type [org.springframework.test.context.ActiveProfiles] and class [com.example.ex3.Ex3ApplicationTests]
17:29:29.786 [Test worker] DEBUG org.springframework.context.annotation.ClassPathScanningCandidateComponentProvider - Identified candidate component class: file [C:\Users\502\Downloads\otakuReviews2-main\build\classes\java\main\com\example\ex3\Ex3Application.class]
17:29:29.787 [Test worker] INFO org.springframework.boot.test.context.SpringBootTestContextBootstrapper - Found @SpringBootConfiguration com.example.ex3.Ex3Application for test class com.example.ex3.Ex3ApplicationTests
17:29:29.880 [Test worker] DEBUG org.springframework.boot.test.context.SpringBootTestContextBootstrapper - @TestExecutionListeners is not present for class [com.example.ex3.Ex3ApplicationTests]: using defaults.
17:29:29.881 [Test worker] INFO org.springframework.boot.test.context.SpringBootTestContextBootstrapper - Loaded default TestExecutionListener class names from location [META-INF/spring.factories]: [org.springframework.boot.test.autoconfigure.restdocs.RestDocsTestExecutionListener, org.springframework.boot.test.autoconfigure.web.client.MockRestServiceServerResetTestExecutionListener, org.springframework.boot.test.autoconfigure.web.servlet.MockMvcPrintOnlyOnFailureTestExecutionListener, org.springframework.boot.test.autoconfigure.web.servlet.WebDriverTestExecutionListener, org.springframework.boot.test.autoconfigure.webservices.client.MockWebServiceServerTestExecutionListener, org.springframework.boot.test.mock.mockito.MockitoTestExecutionListener, org.springframework.boot.test.mock.mockito.ResetMocksTestExecutionListener, org.springframework.test.context.web.ServletTestExecutionListener, org.springframework.test.context.support.DirtiesContextBeforeModesTestExecutionListener, org.springframework.test.context.event.ApplicationEventsTestExecutionListener, org.springframework.test.context.support.DependencyInjectionTestExecutionListener, org.springframework.test.context.support.DirtiesContextTestExecutionListener, org.springframework.test.context.transaction.TransactionalTestExecutionListener, org.springframework.test.context.jdbc.SqlScriptsTestExecutionListener, org.springframework.test.context.event.EventPublishingTestExecutionListener]
17:29:29.894 [Test worker] INFO org.springframework.boot.test.context.SpringBootTestContextBootstrapper - Using TestExecutionListeners: [org.springframework.test.context.web.ServletTestExecutionListener@10b3df93, org.springframework.test.context.support.DirtiesContextBeforeModesTestExecutionListener@ea27e34, org.springframework.test.context.event.ApplicationEventsTestExecutionListener@33a2499c, org.springframework.boot.test.mock.mockito.MockitoTestExecutionListener@e72dba7, org.springframework.boot.test.autoconfigure.SpringBootDependencyInjectionTestExecutionListener@33c2bd, org.springframework.test.context.support.DirtiesContextTestExecutionListener@1dfd5f51, org.springframework.test.context.transaction.TransactionalTestExecutionListener@3c321bdb, org.springframework.test.context.jdbc.SqlScriptsTestExecutionListener@24855019, org.springframework.test.context.event.EventPublishingTestExecutionListener@3abd581e, org.springframework.boot.test.autoconfigure.restdocs.RestDocsTestExecutionListener@4d4d8fcf, org.springframework.boot.test.autoconfigure.web.client.MockRestServiceServerResetTestExecutionListener@610db97e, org.springframework.boot.test.autoconfigure.web.servlet.MockMvcPrintOnlyOnFailureTestExecutionListener@6f0628de, org.springframework.boot.test.autoconfigure.web.servlet.WebDriverTestExecutionListener@3fabf088, org.springframework.boot.test.autoconfigure.webservices.client.MockWebServiceServerTestExecutionListener@1e392345, org.springframework.boot.test.mock.mockito.ResetMocksTestExecutionListener@12f3afb5]
17:29:29.897 [Test worker] DEBUG org.springframework.test.context.support.AbstractDirtiesContextTestExecutionListener - Before test class: context [DefaultTestContext@1e53135d testClass = Ex3ApplicationTests, testInstance = [null], testMethod = [null], testException = [null], mergedContextConfiguration = [WebMergedContextConfiguration@7674a051 testClass = Ex3ApplicationTests, locations = '{}', classes = '{class com.example.ex3.Ex3Application}', contextInitializerClasses = '[]', activeProfiles = '{}', propertySourceLocations = '{}', propertySourceProperties = '{org.springframework.boot.test.context.SpringBootTestContextBootstrapper=true}', contextCustomizers = set[org.springframework.boot.test.autoconfigure.actuate.metrics.MetricsExportContextCustomizerFactory$DisableMetricExportContextCustomizer@15cafec7, org.springframework.boot.test.autoconfigure.properties.PropertyMappingContextCustomizer@0, org.springframework.boot.test.autoconfigure.web.servlet.WebDriverContextCustomizerFactory$Customizer@726e5805, org.springframework.boot.test.context.filter.ExcludeFilterContextCustomizer@ed3068a, org.springframework.boot.test.json.DuplicateJsonObjectContextCustomizerFactory$DuplicateJsonObjectContextCustomizer@3b77a04f, org.springframework.boot.test.mock.mockito.MockitoContextCustomizer@0, org.springframework.boot.test.web.client.TestRestTemplateContextCustomizer@a4b2d8f, org.springframework.boot.test.context.SpringBootTestArgs@1, org.springframework.boot.test.context.SpringBootTestWebEnvironment@48b67364], resourceBasePath = 'src/main/webapp', contextLoader = 'org.springframework.boot.test.context.SpringBootContextLoader', parent = [null]], attributes = map['org.springframework.test.context.web.ServletTestExecutionListener.activateListener' -> true]], class annotated with @DirtiesContext [false] with mode [null].

  .   ____          _            __ _ _
 /\\ / ___'_ __ _ _(_)_ __  __ _ \ \ \ \
( ( )\___ | '_ | '_| | '_ \/ _` | \ \ \ \
 \\/  ___)| |_)| | | | | || (_| |  ) ) ) )
  '  |____| .__|_| |_|_| |_\__, | / / / /
 =========|_|==============|___/=/_/_/_/
 :: Spring Boot ::                (v2.7.9)

2023-04-05 17:29:30.168  INFO 42816 --- [    Test worker] com.example.ex3.Ex3ApplicationTests      : Starting Ex3ApplicationTests using Java 11.0.18 on DESKTOP-QUVBCNJ with PID 42816 (started by 502 in C:\Users\502\Downloads\otakuReviews2-main)
2023-04-05 17:29:30.169  INFO 42816 --- [    Test worker] com.example.ex3.Ex3ApplicationTests      : No active profile set, falling back to 1 default profile: "default"
2023-04-05 17:29:30.715  INFO 42816 --- [    Test worker] .s.d.r.c.RepositoryConfigurationDelegate : Bootstrapping Spring Data JPA repositories in DEFAULT mode.
2023-04-05 17:29:30.789  INFO 42816 --- [    Test worker] .s.d.r.c.RepositoryConfigurationDelegate : Finished Spring Data repository scanning in 66 ms. Found 5 JPA repository interfaces.
2023-04-05 17:29:31.272  INFO 42816 --- [    Test worker] o.hibernate.jpa.internal.util.LogHelper  : HHH000204: Processing PersistenceUnitInfo [name: default]
2023-04-05 17:29:31.323  INFO 42816 --- [    Test worker] org.hibernate.Version                    : HHH000412: Hibernate ORM core version 5.6.15.Final
2023-04-05 17:29:31.484  INFO 42816 --- [    Test worker] o.hibernate.annotations.common.Version   : HCANN000001: Hibernate Commons Annotations {5.1.2.Final}
2023-04-05 17:29:31.591  INFO 42816 --- [    Test worker] com.zaxxer.hikari.HikariDataSource       : HikariPool-1 - Starting...
2023-04-05 17:29:31.656  INFO 42816 --- [    Test worker] com.zaxxer.hikari.HikariDataSource       : HikariPool-1 - Start completed.
2023-04-05 17:29:31.673  INFO 42816 --- [    Test worker] org.hibernate.dialect.Dialect            : HHH000400: Using dialect: org.hibernate.dialect.MariaDBDialect
2023-04-05 17:29:32.313  INFO 42816 --- [    Test worker] o.h.e.t.j.p.i.JtaPlatformInitiator       : HHH000490: Using JtaPlatform implementation: [org.hibernate.engine.transaction.jta.platform.internal.NoJtaPlatform]
2023-04-05 17:29:32.322  INFO 42816 --- [    Test worker] j.LocalContainerEntityManagerFactoryBean : Initialized JPA EntityManagerFactory for persistence unit 'default'
2023-04-05 17:29:33.046  WARN 42816 --- [    Test worker] JpaBaseConfiguration$JpaWebConfiguration : spring.jpa.open-in-view is enabled by default. Therefore, database queries may be performed during view rendering. Explicitly configure spring.jpa.open-in-view to disable this warning
2023-04-05 17:29:33.294  INFO 42816 --- [    Test worker] o.s.b.a.w.s.WelcomePageHandlerMapping    : Adding welcome page template: index
2023-04-05 17:29:33.894  INFO 42816 --- [    Test worker] com.example.ex3.Ex3ApplicationTests      : Started Ex3ApplicationTests in 3.964 seconds (JVM running for 4.996)
]]></system-out>
  <system-err><![CDATA[]]></system-err>
</testsuite>
