<?xml version="1.0" encoding="UTF-8"?>
<testsuite name="com.example.ex3.Ex3ApplicationTests" tests="1" skipped="0" failures="0" errors="0" timestamp="2023-04-06T15:38:51" hostname="DESKTOP-J83I7LO" time="0.106">
  <properties/>
  <testcase name="contextLoads()" classname="com.example.ex3.Ex3ApplicationTests" time="0.106"/>
  <system-out><![CDATA[00:38:46.598 [Test worker] DEBUG org.springframework.test.context.BootstrapUtils - Instantiating CacheAwareContextLoaderDelegate from class [org.springframework.test.context.cache.DefaultCacheAwareContextLoaderDelegate]
00:38:46.605 [Test worker] DEBUG org.springframework.test.context.BootstrapUtils - Instantiating BootstrapContext using constructor [public org.springframework.test.context.support.DefaultBootstrapContext(java.lang.Class,org.springframework.test.context.CacheAwareContextLoaderDelegate)]
00:38:46.642 [Test worker] DEBUG org.springframework.test.context.BootstrapUtils - Instantiating TestContextBootstrapper for test class [com.example.ex3.Ex3ApplicationTests] from class [org.springframework.boot.test.context.SpringBootTestContextBootstrapper]
00:38:46.652 [Test worker] INFO org.springframework.boot.test.context.SpringBootTestContextBootstrapper - Neither @ContextConfiguration nor @ContextHierarchy found for test class [com.example.ex3.Ex3ApplicationTests], using SpringBootContextLoader
00:38:46.656 [Test worker] DEBUG org.springframework.test.context.support.AbstractContextLoader - Did not detect default resource location for test class [com.example.ex3.Ex3ApplicationTests]: class path resource [com/example/ex3/Ex3ApplicationTests-context.xml] does not exist
00:38:46.656 [Test worker] DEBUG org.springframework.test.context.support.AbstractContextLoader - Did not detect default resource location for test class [com.example.ex3.Ex3ApplicationTests]: class path resource [com/example/ex3/Ex3ApplicationTestsContext.groovy] does not exist
00:38:46.656 [Test worker] INFO org.springframework.test.context.support.AbstractContextLoader - Could not detect default resource locations for test class [com.example.ex3.Ex3ApplicationTests]: no resource found for suffixes {-context.xml, Context.groovy}.
00:38:46.657 [Test worker] INFO org.springframework.test.context.support.AnnotationConfigContextLoaderUtils - Could not detect default configuration classes for test class [com.example.ex3.Ex3ApplicationTests]: Ex3ApplicationTests does not declare any static, non-private, non-final, nested classes annotated with @Configuration.
00:38:46.691 [Test worker] DEBUG org.springframework.test.context.support.ActiveProfilesUtils - Could not find an 'annotation declaring class' for annotation type [org.springframework.test.context.ActiveProfiles] and class [com.example.ex3.Ex3ApplicationTests]
00:38:46.754 [Test worker] DEBUG org.springframework.context.annotation.ClassPathScanningCandidateComponentProvider - Identified candidate component class: file [D:\chd_data\intelij\otakuReviews2-main\build\classes\java\main\com\example\ex3\Ex3Application.class]
00:38:46.756 [Test worker] INFO org.springframework.boot.test.context.SpringBootTestContextBootstrapper - Found @SpringBootConfiguration com.example.ex3.Ex3Application for test class com.example.ex3.Ex3ApplicationTests
00:38:46.856 [Test worker] DEBUG org.springframework.boot.test.context.SpringBootTestContextBootstrapper - @TestExecutionListeners is not present for class [com.example.ex3.Ex3ApplicationTests]: using defaults.
00:38:46.856 [Test worker] INFO org.springframework.boot.test.context.SpringBootTestContextBootstrapper - Loaded default TestExecutionListener class names from location [META-INF/spring.factories]: [org.springframework.boot.test.autoconfigure.restdocs.RestDocsTestExecutionListener, org.springframework.boot.test.autoconfigure.web.client.MockRestServiceServerResetTestExecutionListener, org.springframework.boot.test.autoconfigure.web.servlet.MockMvcPrintOnlyOnFailureTestExecutionListener, org.springframework.boot.test.autoconfigure.web.servlet.WebDriverTestExecutionListener, org.springframework.boot.test.autoconfigure.webservices.client.MockWebServiceServerTestExecutionListener, org.springframework.boot.test.mock.mockito.MockitoTestExecutionListener, org.springframework.boot.test.mock.mockito.ResetMocksTestExecutionListener, org.springframework.test.context.web.ServletTestExecutionListener, org.springframework.test.context.support.DirtiesContextBeforeModesTestExecutionListener, org.springframework.test.context.event.ApplicationEventsTestExecutionListener, org.springframework.test.context.support.DependencyInjectionTestExecutionListener, org.springframework.test.context.support.DirtiesContextTestExecutionListener, org.springframework.test.context.transaction.TransactionalTestExecutionListener, org.springframework.test.context.jdbc.SqlScriptsTestExecutionListener, org.springframework.test.context.event.EventPublishingTestExecutionListener]
00:38:46.869 [Test worker] INFO org.springframework.boot.test.context.SpringBootTestContextBootstrapper - Using TestExecutionListeners: [org.springframework.test.context.web.ServletTestExecutionListener@3f2049b6, org.springframework.test.context.support.DirtiesContextBeforeModesTestExecutionListener@10b3df93, org.springframework.test.context.event.ApplicationEventsTestExecutionListener@ea27e34, org.springframework.boot.test.mock.mockito.MockitoTestExecutionListener@33a2499c, org.springframework.boot.test.autoconfigure.SpringBootDependencyInjectionTestExecutionListener@e72dba7, org.springframework.test.context.support.DirtiesContextTestExecutionListener@33c2bd, org.springframework.test.context.transaction.TransactionalTestExecutionListener@1dfd5f51, org.springframework.test.context.jdbc.SqlScriptsTestExecutionListener@3c321bdb, org.springframework.test.context.event.EventPublishingTestExecutionListener@24855019, org.springframework.boot.test.autoconfigure.restdocs.RestDocsTestExecutionListener@3abd581e, org.springframework.boot.test.autoconfigure.web.client.MockRestServiceServerResetTestExecutionListener@4d4d8fcf, org.springframework.boot.test.autoconfigure.web.servlet.MockMvcPrintOnlyOnFailureTestExecutionListener@610db97e, org.springframework.boot.test.autoconfigure.web.servlet.WebDriverTestExecutionListener@6f0628de, org.springframework.boot.test.autoconfigure.webservices.client.MockWebServiceServerTestExecutionListener@3fabf088, org.springframework.boot.test.mock.mockito.ResetMocksTestExecutionListener@1e392345]
00:38:46.872 [Test worker] DEBUG org.springframework.test.context.support.AbstractDirtiesContextTestExecutionListener - Before test class: context [DefaultTestContext@50d68830 testClass = Ex3ApplicationTests, testInstance = [null], testMethod = [null], testException = [null], mergedContextConfiguration = [WebMergedContextConfiguration@1e53135d testClass = Ex3ApplicationTests, locations = '{}', classes = '{class com.example.ex3.Ex3Application}', contextInitializerClasses = '[]', activeProfiles = '{}', propertySourceLocations = '{}', propertySourceProperties = '{org.springframework.boot.test.context.SpringBootTestContextBootstrapper=true}', contextCustomizers = set[org.springframework.boot.test.autoconfigure.actuate.metrics.MetricsExportContextCustomizerFactory$DisableMetricExportContextCustomizer@2a3c96e3, org.springframework.boot.test.autoconfigure.properties.PropertyMappingContextCustomizer@0, org.springframework.boot.test.autoconfigure.web.servlet.WebDriverContextCustomizerFactory$Customizer@1fcb4808, org.springframework.boot.test.context.filter.ExcludeFilterContextCustomizer@e077866, org.springframework.boot.test.json.DuplicateJsonObjectContextCustomizerFactory$DuplicateJsonObjectContextCustomizer@1c7fd41f, org.springframework.boot.test.mock.mockito.MockitoContextCustomizer@0, org.springframework.boot.test.web.client.TestRestTemplateContextCustomizer@1fdfafd2, org.springframework.boot.test.context.SpringBootTestArgs@1, org.springframework.boot.test.context.SpringBootTestWebEnvironment@2663e964], resourceBasePath = 'src/main/webapp', contextLoader = 'org.springframework.boot.test.context.SpringBootContextLoader', parent = [null]], attributes = map['org.springframework.test.context.web.ServletTestExecutionListener.activateListener' -> true]], class annotated with @DirtiesContext [false] with mode [null].

  .   ____          _            __ _ _
 /\\ / ___'_ __ _ _(_)_ __  __ _ \ \ \ \
( ( )\___ | '_ | '_| | '_ \/ _` | \ \ \ \
 \\/  ___)| |_)| | | | | || (_| |  ) ) ) )
  '  |____| .__|_| |_|_| |_\__, | / / / /
 =========|_|==============|___/=/_/_/_/
 :: Spring Boot ::                (v2.7.9)

2023-04-07 00:38:47.254  INFO 73724 --- [    Test worker] com.example.ex3.Ex3ApplicationTests      : Starting Ex3ApplicationTests using Java 11.0.18 on DESKTOP-J83I7LO with PID 73724 (started by 82106 in D:\chd_data\intelij\otakuReviews2-main)
2023-04-07 00:38:47.256  INFO 73724 --- [    Test worker] com.example.ex3.Ex3ApplicationTests      : No active profile set, falling back to 1 default profile: "default"
2023-04-07 00:38:47.754  INFO 73724 --- [    Test worker] .s.d.r.c.RepositoryConfigurationDelegate : Bootstrapping Spring Data JPA repositories in DEFAULT mode.
2023-04-07 00:38:47.825  INFO 73724 --- [    Test worker] .s.d.r.c.RepositoryConfigurationDelegate : Finished Spring Data repository scanning in 62 ms. Found 5 JPA repository interfaces.
2023-04-07 00:38:48.270  INFO 73724 --- [    Test worker] o.hibernate.jpa.internal.util.LogHelper  : HHH000204: Processing PersistenceUnitInfo [name: default]
2023-04-07 00:38:48.324  INFO 73724 --- [    Test worker] org.hibernate.Version                    : HHH000412: Hibernate ORM core version 5.6.15.Final
2023-04-07 00:38:48.452  INFO 73724 --- [    Test worker] o.hibernate.annotations.common.Version   : HCANN000001: Hibernate Commons Annotations {5.1.2.Final}
2023-04-07 00:38:48.548  INFO 73724 --- [    Test worker] com.zaxxer.hikari.HikariDataSource       : HikariPool-1 - Starting...
2023-04-07 00:38:48.609  INFO 73724 --- [    Test worker] com.zaxxer.hikari.HikariDataSource       : HikariPool-1 - Start completed.
2023-04-07 00:38:48.627  INFO 73724 --- [    Test worker] org.hibernate.dialect.Dialect            : HHH000400: Using dialect: org.hibernate.dialect.MariaDBDialect
2023-04-07 00:38:49.370  INFO 73724 --- [    Test worker] o.h.e.t.j.p.i.JtaPlatformInitiator       : HHH000490: Using JtaPlatform implementation: [org.hibernate.engine.transaction.jta.platform.internal.NoJtaPlatform]
2023-04-07 00:38:49.379  INFO 73724 --- [    Test worker] j.LocalContainerEntityManagerFactoryBean : Initialized JPA EntityManagerFactory for persistence unit 'default'
2023-04-07 00:38:50.160  WARN 73724 --- [    Test worker] JpaBaseConfiguration$JpaWebConfiguration : spring.jpa.open-in-view is enabled by default. Therefore, database queries may be performed during view rendering. Explicitly configure spring.jpa.open-in-view to disable this warning
2023-04-07 00:38:50.422  INFO 73724 --- [    Test worker] o.s.b.a.w.s.WelcomePageHandlerMapping    : Adding welcome page template: index
2023-04-07 00:38:51.035  INFO 73724 --- [    Test worker] com.example.ex3.Ex3ApplicationTests      : Started Ex3ApplicationTests in 4.133 seconds (JVM running for 5.083)
]]></system-out>
  <system-err><![CDATA[]]></system-err>
</testsuite>
