<?xml version="1.0" encoding="UTF-8"?>
<testsuite name="com.example.ex3.Ex3ApplicationTests" tests="1" skipped="0" failures="0" errors="0" timestamp="2023-04-05T07:55:59" hostname="DESKTOP-M6N29KP" time="0.121">
  <properties/>
  <testcase name="contextLoads()" classname="com.example.ex3.Ex3ApplicationTests" time="0.121"/>
  <system-out><![CDATA[16:55:54.802 [Test worker] DEBUG org.springframework.test.context.BootstrapUtils - Instantiating CacheAwareContextLoaderDelegate from class [org.springframework.test.context.cache.DefaultCacheAwareContextLoaderDelegate]
16:55:54.811 [Test worker] DEBUG org.springframework.test.context.BootstrapUtils - Instantiating BootstrapContext using constructor [public org.springframework.test.context.support.DefaultBootstrapContext(java.lang.Class,org.springframework.test.context.CacheAwareContextLoaderDelegate)]
16:55:54.838 [Test worker] DEBUG org.springframework.test.context.BootstrapUtils - Instantiating TestContextBootstrapper for test class [com.example.ex3.Ex3ApplicationTests] from class [org.springframework.boot.test.context.SpringBootTestContextBootstrapper]
16:55:54.847 [Test worker] INFO org.springframework.boot.test.context.SpringBootTestContextBootstrapper - Neither @ContextConfiguration nor @ContextHierarchy found for test class [com.example.ex3.Ex3ApplicationTests], using SpringBootContextLoader
16:55:54.850 [Test worker] DEBUG org.springframework.test.context.support.AbstractContextLoader - Did not detect default resource location for test class [com.example.ex3.Ex3ApplicationTests]: class path resource [com/example/ex3/Ex3ApplicationTests-context.xml] does not exist
16:55:54.850 [Test worker] DEBUG org.springframework.test.context.support.AbstractContextLoader - Did not detect default resource location for test class [com.example.ex3.Ex3ApplicationTests]: class path resource [com/example/ex3/Ex3ApplicationTestsContext.groovy] does not exist
16:55:54.851 [Test worker] INFO org.springframework.test.context.support.AbstractContextLoader - Could not detect default resource locations for test class [com.example.ex3.Ex3ApplicationTests]: no resource found for suffixes {-context.xml, Context.groovy}.
16:55:54.851 [Test worker] INFO org.springframework.test.context.support.AnnotationConfigContextLoaderUtils - Could not detect default configuration classes for test class [com.example.ex3.Ex3ApplicationTests]: Ex3ApplicationTests does not declare any static, non-private, non-final, nested classes annotated with @Configuration.
16:55:54.884 [Test worker] DEBUG org.springframework.test.context.support.ActiveProfilesUtils - Could not find an 'annotation declaring class' for annotation type [org.springframework.test.context.ActiveProfiles] and class [com.example.ex3.Ex3ApplicationTests]
16:55:54.937 [Test worker] DEBUG org.springframework.context.annotation.ClassPathScanningCandidateComponentProvider - Identified candidate component class: file [D:\hayeon\github\otakuReviews2-main\build\classes\java\main\com\example\ex3\Ex3Application.class]
16:55:54.938 [Test worker] INFO org.springframework.boot.test.context.SpringBootTestContextBootstrapper - Found @SpringBootConfiguration com.example.ex3.Ex3Application for test class com.example.ex3.Ex3ApplicationTests
16:55:55.031 [Test worker] DEBUG org.springframework.boot.test.context.SpringBootTestContextBootstrapper - @TestExecutionListeners is not present for class [com.example.ex3.Ex3ApplicationTests]: using defaults.
16:55:55.032 [Test worker] INFO org.springframework.boot.test.context.SpringBootTestContextBootstrapper - Loaded default TestExecutionListener class names from location [META-INF/spring.factories]: [org.springframework.boot.test.autoconfigure.restdocs.RestDocsTestExecutionListener, org.springframework.boot.test.autoconfigure.web.client.MockRestServiceServerResetTestExecutionListener, org.springframework.boot.test.autoconfigure.web.servlet.MockMvcPrintOnlyOnFailureTestExecutionListener, org.springframework.boot.test.autoconfigure.web.servlet.WebDriverTestExecutionListener, org.springframework.boot.test.autoconfigure.webservices.client.MockWebServiceServerTestExecutionListener, org.springframework.boot.test.mock.mockito.MockitoTestExecutionListener, org.springframework.boot.test.mock.mockito.ResetMocksTestExecutionListener, org.springframework.test.context.web.ServletTestExecutionListener, org.springframework.test.context.support.DirtiesContextBeforeModesTestExecutionListener, org.springframework.test.context.event.ApplicationEventsTestExecutionListener, org.springframework.test.context.support.DependencyInjectionTestExecutionListener, org.springframework.test.context.support.DirtiesContextTestExecutionListener, org.springframework.test.context.transaction.TransactionalTestExecutionListener, org.springframework.test.context.jdbc.SqlScriptsTestExecutionListener, org.springframework.test.context.event.EventPublishingTestExecutionListener]
16:55:55.044 [Test worker] INFO org.springframework.boot.test.context.SpringBootTestContextBootstrapper - Using TestExecutionListeners: [org.springframework.test.context.web.ServletTestExecutionListener@42deb43a, org.springframework.test.context.support.DirtiesContextBeforeModesTestExecutionListener@1deb2c43, org.springframework.test.context.event.ApplicationEventsTestExecutionListener@3bb9efbc, org.springframework.boot.test.mock.mockito.MockitoTestExecutionListener@1cefc4b3, org.springframework.boot.test.autoconfigure.SpringBootDependencyInjectionTestExecutionListener@2b27cc70, org.springframework.test.context.support.DirtiesContextTestExecutionListener@6f6a7463, org.springframework.test.context.transaction.TransactionalTestExecutionListener@1bdaa23d, org.springframework.test.context.jdbc.SqlScriptsTestExecutionListener@79f227a9, org.springframework.test.context.event.EventPublishingTestExecutionListener@6ca320ab, org.springframework.boot.test.autoconfigure.restdocs.RestDocsTestExecutionListener@50d68830, org.springframework.boot.test.autoconfigure.web.client.MockRestServiceServerResetTestExecutionListener@1e53135d, org.springframework.boot.test.autoconfigure.web.servlet.MockMvcPrintOnlyOnFailureTestExecutionListener@7674a051, org.springframework.boot.test.autoconfigure.web.servlet.WebDriverTestExecutionListener@3a7704c, org.springframework.boot.test.autoconfigure.webservices.client.MockWebServiceServerTestExecutionListener@6754ef00, org.springframework.boot.test.mock.mockito.ResetMocksTestExecutionListener@619bd14c]
16:55:55.048 [Test worker] DEBUG org.springframework.test.context.support.AbstractDirtiesContextTestExecutionListener - Before test class: context [DefaultTestContext@7bfc3126 testClass = Ex3ApplicationTests, testInstance = [null], testMethod = [null], testException = [null], mergedContextConfiguration = [WebMergedContextConfiguration@3e792ce3 testClass = Ex3ApplicationTests, locations = '{}', classes = '{class com.example.ex3.Ex3Application}', contextInitializerClasses = '[]', activeProfiles = '{}', propertySourceLocations = '{}', propertySourceProperties = '{org.springframework.boot.test.context.SpringBootTestContextBootstrapper=true}', contextCustomizers = set[org.springframework.boot.test.autoconfigure.actuate.metrics.MetricsExportContextCustomizerFactory$DisableMetricExportContextCustomizer@56bca85b, org.springframework.boot.test.autoconfigure.properties.PropertyMappingContextCustomizer@0, org.springframework.boot.test.autoconfigure.web.servlet.WebDriverContextCustomizerFactory$Customizer@47db5fa5, org.springframework.boot.test.context.filter.ExcludeFilterContextCustomizer@1080b026, org.springframework.boot.test.json.DuplicateJsonObjectContextCustomizerFactory$DuplicateJsonObjectContextCustomizer@dcfda20, org.springframework.boot.test.mock.mockito.MockitoContextCustomizer@0, org.springframework.boot.test.web.client.TestRestTemplateContextCustomizer@5bfa8cc5, org.springframework.boot.test.context.SpringBootTestArgs@1, org.springframework.boot.test.context.SpringBootTestWebEnvironment@4d6025c5], resourceBasePath = 'src/main/webapp', contextLoader = 'org.springframework.boot.test.context.SpringBootContextLoader', parent = [null]], attributes = map['org.springframework.test.context.web.ServletTestExecutionListener.activateListener' -> true]], class annotated with @DirtiesContext [false] with mode [null].

  .   ____          _            __ _ _
 /\\ / ___'_ __ _ _(_)_ __  __ _ \ \ \ \
( ( )\___ | '_ | '_| | '_ \/ _` | \ \ \ \
 \\/  ___)| |_)| | | | | || (_| |  ) ) ) )
  '  |____| .__|_| |_|_| |_\__, | / / / /
 =========|_|==============|___/=/_/_/_/
 :: Spring Boot ::                (v2.7.9)

2023-04-05 16:55:55.389  INFO 5816 --- [    Test worker] com.example.ex3.Ex3ApplicationTests      : Starting Ex3ApplicationTests using Java 11.0.18 on DESKTOP-M6N29KP with PID 5816 (started by 502 in D:\hayeon\github\otakuReviews2-main)
2023-04-05 16:55:55.391  INFO 5816 --- [    Test worker] com.example.ex3.Ex3ApplicationTests      : No active profile set, falling back to 1 default profile: "default"
2023-04-05 16:55:56.055  INFO 5816 --- [    Test worker] .s.d.r.c.RepositoryConfigurationDelegate : Bootstrapping Spring Data JPA repositories in DEFAULT mode.
2023-04-05 16:55:56.122  INFO 5816 --- [    Test worker] .s.d.r.c.RepositoryConfigurationDelegate : Finished Spring Data repository scanning in 61 ms. Found 5 JPA repository interfaces.
2023-04-05 16:55:56.581  INFO 5816 --- [    Test worker] o.hibernate.jpa.internal.util.LogHelper  : HHH000204: Processing PersistenceUnitInfo [name: default]
2023-04-05 16:55:56.642  INFO 5816 --- [    Test worker] org.hibernate.Version                    : HHH000412: Hibernate ORM core version 5.6.15.Final
2023-04-05 16:55:56.805  INFO 5816 --- [    Test worker] o.hibernate.annotations.common.Version   : HCANN000001: Hibernate Commons Annotations {5.1.2.Final}
2023-04-05 16:55:56.917  INFO 5816 --- [    Test worker] com.zaxxer.hikari.HikariDataSource       : HikariPool-1 - Starting...
2023-04-05 16:55:56.981  INFO 5816 --- [    Test worker] com.zaxxer.hikari.HikariDataSource       : HikariPool-1 - Start completed.
2023-04-05 16:55:57.009  INFO 5816 --- [    Test worker] org.hibernate.dialect.Dialect            : HHH000400: Using dialect: org.hibernate.dialect.MariaDBDialect
2023-04-05 16:55:57.970  INFO 5816 --- [    Test worker] o.h.e.t.j.p.i.JtaPlatformInitiator       : HHH000490: Using JtaPlatform implementation: [org.hibernate.engine.transaction.jta.platform.internal.NoJtaPlatform]
2023-04-05 16:55:57.980  INFO 5816 --- [    Test worker] j.LocalContainerEntityManagerFactoryBean : Initialized JPA EntityManagerFactory for persistence unit 'default'
2023-04-05 16:55:58.844  WARN 5816 --- [    Test worker] JpaBaseConfiguration$JpaWebConfiguration : spring.jpa.open-in-view is enabled by default. Therefore, database queries may be performed during view rendering. Explicitly configure spring.jpa.open-in-view to disable this warning
2023-04-05 16:55:59.143  INFO 5816 --- [    Test worker] o.s.b.a.w.s.WelcomePageHandlerMapping    : Adding welcome page template: index
2023-04-05 16:55:59.913  INFO 5816 --- [    Test worker] com.example.ex3.Ex3ApplicationTests      : Started Ex3ApplicationTests in 4.83 seconds (JVM running for 5.888)
]]></system-out>
  <system-err><![CDATA[]]></system-err>
</testsuite>
